app/build/intermediates/manifest_merge_blame_file/debug/manifest-merger-blame-debug-report.txt
1<?xml version="1.0" encoding="utf-8"?>
2<manifest xmlns:android="http://schemas.android.com/apk/res/android"
3    package="com.example.chronicwound"
4    android:versionCode="1"
5    android:versionName="1.0" >
6
7    <uses-sdk
7-->src\main\AndroidManifest.xml:5:5-7:41
8        android:minSdkVersion="19"
8-->src\main\AndroidManifest.xml:6:9-34
9        android:targetSdkVersion="29" />
9-->src\main\AndroidManifest.xml:7:9-38
10
11    <uses-permission android:name="android.permission.INTERNET" />
11-->src\main\AndroidManifest.xml:9:5-67
11-->src\main\AndroidManifest.xml:9:22-64
12    <uses-permission android:name="android.permission.READ_EXTERNAL_STORAGE" />
12-->src\main\AndroidManifest.xml:10:5-80
12-->src\main\AndroidManifest.xml:10:22-77
13    <uses-permission android:name="android.permission.WRITE_EXTERNAL_STORAGE" />
13-->src\main\AndroidManifest.xml:11:5-81
13-->src\main\AndroidManifest.xml:11:22-78
14    <uses-permission android:name="android.permission.MANAGE_EXTERNAL_STORAGE" />
14-->src\main\AndroidManifest.xml:12:5-82
14-->src\main\AndroidManifest.xml:12:22-79
15    <uses-permission android:name="android.permission.ACCESS_NETWORK_STATE" />
15-->src\main\AndroidManifest.xml:13:5-79
15-->src\main\AndroidManifest.xml:13:22-76
16    <uses-permission android:name="android.permission.CAMERA" />
16-->src\main\AndroidManifest.xml:14:5-65
16-->src\main\AndroidManifest.xml:14:22-62
17
18    <queries>
18-->[com.github.dhaval2404:imagepicker:2.1] AndroidManifest.xml:9:5-19:15
19
20        <!-- Query Camera Packages -->
21        <intent>
21-->[com.github.dhaval2404:imagepicker:2.1] AndroidManifest.xml:12:9-14:18
22            <action android:name="android.media.action.IMAGE_CAPTURE" />
22-->[com.github.dhaval2404:imagepicker:2.1] AndroidManifest.xml:13:13-73
22-->[com.github.dhaval2404:imagepicker:2.1] AndroidManifest.xml:13:21-70
23        </intent>
24        <!-- Query Open Document -->
25        <intent>
25-->[com.github.dhaval2404:imagepicker:2.1] AndroidManifest.xml:16:9-18:18
26            <action android:name="android.intent.action.OPEN_DOCUMENT_TREE" />
26-->[com.github.dhaval2404:imagepicker:2.1] AndroidManifest.xml:17:13-79
26-->[com.github.dhaval2404:imagepicker:2.1] AndroidManifest.xml:17:21-76
27        </intent>
28    </queries>
29
30    <application
30-->src\main\AndroidManifest.xml:16:5-60:19
31        android:name="androidx.multidex.MultiDexApplication"
32        android:allowBackup="true"
32-->src\main\AndroidManifest.xml:17:9-35
33        android:appComponentFactory="androidx.core.app.CoreComponentFactory"
33-->[androidx.core:core:1.5.0] AndroidManifest.xml:24:18-86
34        android:debuggable="true"
35        android:icon="@mipmap/ic_launcher"
35-->src\main\AndroidManifest.xml:18:9-43
36        android:label="@string/app_name"
36-->src\main\AndroidManifest.xml:19:9-41
37        android:requestLegacyExternalStorage="true"
37-->src\main\AndroidManifest.xml:20:9-52
38        android:roundIcon="@mipmap/ic_launcher_round"
38-->src\main\AndroidManifest.xml:21:9-54
39        android:supportsRtl="true"
39-->src\main\AndroidManifest.xml:22:9-35
40        android:theme="@style/Theme.ChronicWound"
40-->src\main\AndroidManifest.xml:23:9-50
41        android:usesCleartextTraffic="true"
41-->src\main\AndroidManifest.xml:24:9-44
42        android:windowSoftInputMode="adjustResize" >
42-->src\main\AndroidManifest.xml:25:9-51
43        <activity android:name="com.example.chronicwound.KajianLuka.editSkoringLuka" />
43-->src\main\AndroidManifest.xml:26:9-73
43-->src\main\AndroidManifest.xml:26:19-61
44        <activity android:name="com.example.chronicwound.KajianLuka.editDiameterY" />
44-->src\main\AndroidManifest.xml:27:9-62
44-->src\main\AndroidManifest.xml:27:19-59
45        <activity android:name="com.example.chronicwound.KajianLuka.editDiameterX" />
45-->src\main\AndroidManifest.xml:28:9-62
45-->src\main\AndroidManifest.xml:28:19-59
46        <activity android:name="com.example.chronicwound.KajianLuka.editKajianLuka" />
46-->src\main\AndroidManifest.xml:29:9-63
46-->src\main\AndroidManifest.xml:29:19-60
47        <activity android:name="com.example.chronicwound.KajianLuka.editAnotasiTepi" />
47-->src\main\AndroidManifest.xml:30:9-64
47-->src\main\AndroidManifest.xml:30:19-61
48        <activity android:name="com.example.chronicwound.pasien.editPasien" />
48-->src\main\AndroidManifest.xml:31:9-55
48-->src\main\AndroidManifest.xml:31:19-52
49        <activity android:name="com.example.chronicwound.editProfilPerawat" />
49-->src\main\AndroidManifest.xml:32:9-55
49-->src\main\AndroidManifest.xml:32:19-52
50        <activity android:name="com.example.chronicwound.Start" >
50-->src\main\AndroidManifest.xml:33:9-39:20
50-->src\main\AndroidManifest.xml:33:19-40
51            <intent-filter>
51-->src\main\AndroidManifest.xml:34:13-38:29
52                <action android:name="android.intent.action.MAIN" />
52-->src\main\AndroidManifest.xml:35:17-69
52-->src\main\AndroidManifest.xml:35:25-66
53
54                <category android:name="android.intent.category.LAUNCHER" />
54-->src\main\AndroidManifest.xml:37:17-77
54-->src\main\AndroidManifest.xml:37:27-74
55            </intent-filter>
56        </activity>
57        <activity
57-->src\main\AndroidManifest.xml:40:9-42:58
58            android:name="com.example.chronicwound.ProfilPerawat"
58-->src\main\AndroidManifest.xml:41:13-42
59            android:parentActivityName="com.example.chronicwound.MainActivity" />
59-->src\main\AndroidManifest.xml:42:13-55
60        <activity android:name="com.example.chronicwound.KajianLuka.detailKajian" />
60-->src\main\AndroidManifest.xml:43:9-61
60-->src\main\AndroidManifest.xml:43:19-58
61        <activity android:name="com.example.chronicwound.anotasi.anotasiDiameterY" />
61-->src\main\AndroidManifest.xml:44:9-62
61-->src\main\AndroidManifest.xml:44:19-59
62        <activity android:name="com.example.chronicwound.anotasi.anotasiWarna" />
62-->src\main\AndroidManifest.xml:45:9-58
62-->src\main\AndroidManifest.xml:45:19-55
63        <activity android:name="com.example.chronicwound.anotasi.anotasiDiameter" />
63-->src\main\AndroidManifest.xml:46:9-61
63-->src\main\AndroidManifest.xml:46:19-58
64        <activity android:name="com.example.chronicwound.anotasi.anotasiTepi" />
64-->src\main\AndroidManifest.xml:47:9-57
64-->src\main\AndroidManifest.xml:47:19-54
65        <activity android:name="com.example.chronicwound.gallery.singleImageView" />
65-->src\main\AndroidManifest.xml:48:9-61
65-->src\main\AndroidManifest.xml:48:19-58
66        <activity android:name="com.example.chronicwound.konfirmasiFotoActivity" />
66-->src\main\AndroidManifest.xml:49:9-60
66-->src\main\AndroidManifest.xml:49:19-57
67        <activity android:name="com.example.chronicwound.gallery.GaleriActivity" />
67-->src\main\AndroidManifest.xml:50:9-60
67-->src\main\AndroidManifest.xml:50:19-57
68        <activity android:name="com.example.chronicwound.pasien.detailPasienActivity" />
68-->src\main\AndroidManifest.xml:51:9-65
68-->src\main\AndroidManifest.xml:51:19-62
69        <activity android:name="com.example.chronicwound.FirstActivity" />
69-->src\main\AndroidManifest.xml:52:9-51
69-->src\main\AndroidManifest.xml:52:19-48
70        <activity android:name="com.example.chronicwound.LoginActivity" />
70-->src\main\AndroidManifest.xml:53:9-51
70-->src\main\AndroidManifest.xml:53:19-48
71        <activity android:name="com.example.chronicwound.MainActivity" />
71-->src\main\AndroidManifest.xml:54:9-50
71-->src\main\AndroidManifest.xml:54:19-47
72        <activity android:name="com.example.chronicwound.RegisterActivity" />
72-->src\main\AndroidManifest.xml:55:9-54
72-->src\main\AndroidManifest.xml:55:19-51
73        <activity android:name="com.example.chronicwound.AnotasiActivity" />
73-->src\main\AndroidManifest.xml:56:9-53
73-->src\main\AndroidManifest.xml:56:19-50
74        <activity android:name="com.example.chronicwound.pasien.listPasienActivity" />
74-->src\main\AndroidManifest.xml:57:9-63
74-->src\main\AndroidManifest.xml:57:19-60
75        <activity android:name="com.example.chronicwound.tambahpasien.tambahPasienActivity" />
75-->src\main\AndroidManifest.xml:58:9-71
75-->src\main\AndroidManifest.xml:58:19-68
76        <activity android:name="com.example.chronicwound.tambahkajian.tambahKajianActivity" />
76-->src\main\AndroidManifest.xml:59:9-71
76-->src\main\AndroidManifest.xml:59:19-68
77        <activity
77-->[com.github.dhaval2404:imagepicker:2.1] AndroidManifest.xml:22:9-25:68
78            android:name="com.github.dhaval2404.imagepicker.ImagePickerActivity"
78-->[com.github.dhaval2404:imagepicker:2.1] AndroidManifest.xml:23:13-81
79            android:screenOrientation="unspecified"
79-->[com.github.dhaval2404:imagepicker:2.1] AndroidManifest.xml:24:13-52
80            android:theme="@style/Theme.Transparent.ImagePicker" />
80-->[com.github.dhaval2404:imagepicker:2.1] AndroidManifest.xml:25:13-65
81        <activity
81-->[com.github.dhaval2404:imagepicker:2.1] AndroidManifest.xml:26:9-29:72
82            android:name="com.yalantis.ucrop.UCropActivity"
82-->[com.github.dhaval2404:imagepicker:2.1] AndroidManifest.xml:27:13-60
83            android:screenOrientation="portrait"
83-->[com.github.dhaval2404:imagepicker:2.1] AndroidManifest.xml:28:13-49
84            android:theme="@style/Theme.AppCompat.Light.NoActionBar" />
84-->[com.github.dhaval2404:imagepicker:2.1] AndroidManifest.xml:29:13-69
85
86        <provider
86-->[com.github.dhaval2404:imagepicker:2.1] AndroidManifest.xml:31:9-39:20
87            android:name="com.github.dhaval2404.imagepicker.ImagePickerFileProvider"
87-->[com.github.dhaval2404:imagepicker:2.1] AndroidManifest.xml:32:13-85
88            android:authorities="com.example.chronicwound.imagepicker.provider"
88-->[com.github.dhaval2404:imagepicker:2.1] AndroidManifest.xml:33:13-72
89            android:exported="false"
89-->[com.github.dhaval2404:imagepicker:2.1] AndroidManifest.xml:34:13-37
90            android:grantUriPermissions="true" >
90-->[com.github.dhaval2404:imagepicker:2.1] AndroidManifest.xml:35:13-47
91            <meta-data
91-->[com.github.dhaval2404:imagepicker:2.1] AndroidManifest.xml:36:13-38:71
92                android:name="android.support.FILE_PROVIDER_PATHS"
92-->[com.github.dhaval2404:imagepicker:2.1] AndroidManifest.xml:37:17-67
93                android:resource="@xml/image_picker_provider_paths" />
93-->[com.github.dhaval2404:imagepicker:2.1] AndroidManifest.xml:38:17-68
94        </provider>
95
96        <activity
96-->[io.github.ParkSangGwon:tedpermission:3.3.0] AndroidManifest.xml:10:9-14:67
97            android:name="com.gun0912.tedpermission.TedPermissionActivity"
97-->[io.github.ParkSangGwon:tedpermission:3.3.0] AndroidManifest.xml:11:13-75
98            android:configChanges="mcc|mnc|locale|keyboard|keyboardHidden|screenLayout|fontScale|uiMode|orientation|screenSize|layoutDirection"
98-->[io.github.ParkSangGwon:tedpermission:3.3.0] AndroidManifest.xml:12:13-144
99            android:screenOrientation="unspecified"
99-->[io.github.ParkSangGwon:tedpermission:3.3.0] AndroidManifest.xml:13:13-52
100            android:theme="@style/Theme.Transparent.Permission" />
100-->[io.github.ParkSangGwon:tedpermission:3.3.0] AndroidManifest.xml:14:13-64
101
102        <provider
102-->[io.github.ParkSangGwon:tedpermission:3.3.0] AndroidManifest.xml:16:9-19:40
103            android:name="com.gun0912.tedpermission.provider.TedPermissionProvider"
103-->[io.github.ParkSangGwon:tedpermission:3.3.0] AndroidManifest.xml:17:13-84
104            android:authorities="com.example.chronicwound.tedpermissionprovider"
104-->[io.github.ParkSangGwon:tedpermission:3.3.0] AndroidManifest.xml:18:13-73
105            android:exported="false" />
105-->[io.github.ParkSangGwon:tedpermission:3.3.0] AndroidManifest.xml:19:13-37
106        <provider
106-->[com.squareup.picasso:picasso:2.8] AndroidManifest.xml:8:9-11:40
107            android:name="com.squareup.picasso.PicassoProvider"
107-->[com.squareup.picasso:picasso:2.8] AndroidManifest.xml:9:13-64
108            android:authorities="com.example.chronicwound.com.squareup.picasso"
108-->[com.squareup.picasso:picasso:2.8] AndroidManifest.xml:10:13-72
109            android:exported="false" />
109-->[com.squareup.picasso:picasso:2.8] AndroidManifest.xml:11:13-37
110    </application>
111
112</manifest>